#
# A fatal error has been detected by the Java Runtime Environment:
#
#  SIGSEGV (0xb) at pc=0x00007fff377ec665, pid=6950, tid=0x0000000000000103
#
# JRE version: OpenJDK Runtime Environment (8.0_262-b10) (build 1.8.0_262-b10)
# Java VM: OpenJDK 64-Bit Server VM (25.262-b10 mixed mode bsd-amd64 compressed oops)
# Problematic frame:
# C  [AVFCapture+0x48665]  -[AVCaptureDALDevice transportControlsSupported]+0x3a
#
# Failed to write core dump. Core dumps have been disabled. To enable core dumping, try "ulimit -c unlimited" before starting Java again
#
# If you would like to submit a bug report, please include
# instructions on how to reproduce the bug and visit:
#   http://bugreport.java.com/bugreport/crash.jsp
# The crash happened outside the Java Virtual Machine in native code.
# See problematic frame for where to report the bug.
#

---------------  T H R E A D  ---------------

Current thread (0x00007fb733809000):  JavaThread "main" [_thread_in_native, id=259, stack(0x00007ffeec588000,0x00007ffeecd88000)]

siginfo: si_signo: 11 (SIGSEGV), si_code: 1 (SEGV_MAPERR), si_addr: 0x00007fb722000118

Registers:
RAX=0x0000000000000000, RBX=0x00007fb722000000, RCX=0x0000000000000118, RDX=0x0000000000000000
RSP=0x00007ffeecd7f7b0, RBP=0x00007ffeecd7f7c0, RSI=0x0000000000000000, RDI=0x00007fb7267e9090
R8 =0x000000000001e7ae, R9 =0xffffffff00000000, R10=0x00007fb7267e8af0, R11=0x00007fff377e8910
R12=0x00007fb722b51800, R13=0x0000000000000006, R14=0x0000000042475241, R15=0x00007fb722b4f020
RIP=0x00007fff377ec665, EFLAGS=0x0000000000010206, ERR=0x0000000000000006
  TRAPNO=0x000000000000000e

Top of Stack: (sp=0x00007ffeecd7f7b0)
0x00007ffeecd7f7b0:   00007fb7225bd640 00007fff203cd800
0x00007ffeecd7f7c0:   00007ffeecd80130 000000013f3bcad0
0x00007ffeecd7f7d0:   ffffffffffffffff 00007fb722b4eb08
0x00007ffeecd7f7e0:   00007fff2091e6b0 0000000000000000
0x00007ffeecd7f7f0:   0000000000000000 0000000000000000
0x00007ffeecd7f800:   0000000000000000 0000000000000000
0x00007ffeecd7f810:   ffffffffffffffff 00007fb722b4f368
0x00007ffeecd7f820:   00007fff2091e6b0 0000000000000000
0x00007ffeecd7f830:   0000000000000000 0000000000000000
0x00007ffeecd7f840:   0000000000000000 0000000000000000
0x00007ffeecd7f850:   00007ffeecd7f8b0 0000000112aaceea
0x00007ffeecd7f860:   0000000000000012 00000006c00ab628
0x00007ffeecd7f870:   00000001052e4db0 00000006c00ab628
0x00007ffeecd7f880:   00000001052e4db0 00007fb733809000
0x00007ffeecd7f890:   fffffffe00000000 00000007c075f330
0x00007ffeecd7f8a0:   0000000000000000 000000010a28b3af
0x00007ffeecd7f8b0:   00007ffeecd7f930 0000000112807ffd
0x00007ffeecd7f8c0:   0000000112807ffd 0000000000000012
0x00007ffeecd7f8d0:   ffffffffffffffff 00007fb722551a10
0x00007ffeecd7f8e0:   00007fff207936e0 0000000000000000
0x00007ffeecd7f8f0:   0000000000000000 0000000000000000
0x00007ffeecd7f900:   0000000000000000 0000000000000000
0x00007ffeecd7f910:   00007ffeecd7fda0 00007fff2044b5a7
0x00007ffeecd7f920:   00000006c00a61a0 00007ffeecd7f928
0x00007ffeecd7f930:   00000001059fc450 00007ffeecd7f980
0x00007ffeecd7f940:   0000000105a421f0 0000000000000000
0x00007ffeecd7f950:   00000001059fc488 0000000000000001
0x00007ffeecd7f960:   00007ffeecd7f978 00007fff80826258
0x00007ffeecd7f970:   00007ffeecd80018 00007ffeecd7fa62
0x00007ffeecd7f980:   000000000000000b 00007fff80826820
0x00007ffeecd7f990:   00007ffeecd80010 0000000a059fbfe3
0x00007ffeecd7f9a0:   00007ffeecd7fa20 00007ffeecd7fdb0 

Instructions: (pc=0x00007fff377ec665)
0x00007fff377ec645:   17 67 86 4a 8a 04 03 eb 1a 48 8b 35 4b 23 86 4a
0x00007fff377ec655:   48 89 df ff 15 12 b2 1d 51 48 8b 0d fb 66 86 4a
0x00007fff377ec665:   88 04 0b 0f be c0 48 83 c4 08 5b 5d c3 55 48 89
0x00007fff377ec675:   e5 53 50 48 89 fb 48 8b 05 d6 66 86 4a 48 83 3c 

Register to memory mapping:

RAX=0x0000000000000000 is an unknown value
RBX=0x00007fb722000000 is an unknown value
RCX=0x0000000000000118 is an unknown value
RDX=0x0000000000000000 is an unknown value
RSP=0x00007ffeecd7f7b0 is pointing into the stack for thread: 0x00007fb733809000
RBP=0x00007ffeecd7f7c0 is pointing into the stack for thread: 0x00007fb733809000
RSI=0x0000000000000000 is an unknown value
RDI=0x00007fb7267e9090 is an unknown value
R8 =0x000000000001e7ae is an unknown value
R9 =0xffffffff00000000 is an unknown value
R10=0x00007fb7267e8af0 is an unknown value
R11=0x00007fff377e8910: -[AVCaptureDALDevice deviceID]+0 in /System/Library/PrivateFrameworks/AVFCapture.framework/Versions/A/AVFCapture at 0x00007fff377a4000
R12=0x00007fb722b51800 is an unknown value
R13=0x0000000000000006 is an unknown value
R14=0x0000000042475241 is an unknown value
R15=0x00007fb722b4f020 is an unknown value


Stack: [0x00007ffeec588000,0x00007ffeecd88000],  sp=0x00007ffeecd7f7b0,  free space=8157k
Native frames: (J=compiled Java code, j=interpreted, Vv=VM code, C=native code)
C  [AVFCapture+0x48665]  -[AVCaptureDALDevice transportControlsSupported]+0x3a
C  [libavdevice.58.dylib+0x7ad0]  avdevice_list_output_sinks+0x25a0
C  [libavformat.58.dylib+0x15ef39]  avformat_open_input+0x379

Java frames: (J=compiled Java code, j=interpreted, Vv=VM code)
j  org.bytedeco.ffmpeg.global.avformat.avformat_open_input(Lorg/bytedeco/ffmpeg/avformat/AVFormatContext;Ljava/lang/String;Lorg/bytedeco/ffmpeg/avformat/AVInputFormat;Lorg/bytedeco/ffmpeg/avutil/AVDictionary;)I+0
j  org.openrndr.ffmpeg.AVFile.<init>(Lorg/openrndr/ffmpeg/VideoPlayerConfiguration;Ljava/lang/String;Lorg/openrndr/ffmpeg/PlayMode;Ljava/lang/String;Ljava/lang/Double;Ljava/lang/Integer;Ljava/lang/Integer;)V+522
j  org.openrndr.ffmpeg.VideoPlayerFFMPEG$Companion.fromDevice(Ljava/lang/String;Lorg/openrndr/ffmpeg/PlayMode;Ljava/lang/Double;Ljava/lang/Integer;Ljava/lang/Integer;Lorg/openrndr/ffmpeg/VideoPlayerConfiguration;)Lorg/openrndr/ffmpeg/VideoPlayerFFMPEG;+152
j  org.openrndr.ffmpeg.VideoPlayerFFMPEG$Companion.fromDevice$default(Lorg/openrndr/ffmpeg/VideoPlayerFFMPEG$Companion;Ljava/lang/String;Lorg/openrndr/ffmpeg/PlayMode;Ljava/lang/Double;Ljava/lang/Integer;Ljava/lang/Integer;Lorg/openrndr/ffmpeg/VideoPlayerConfiguration;ILjava/lang/Object;)Lorg/openrndr/ffmpeg/VideoPlayerFFMPEG;+81
j  TemplateLiveProgramKt$main$1$2.invoke(Lorg/openrndr/extra/olive/OliveProgram;)V+80
j  TemplateLiveProgramKt$main$1$2.invoke(Ljava/lang/Object;)Ljava/lang/Object;+5
j  org.openrndr.extra.olive.OliveProgramKt$oliveProgram$1.setup()V+9
j  org.openrndr.internal.gl3.ApplicationGLFWGL3.loop()V+408
j  org.openrndr.Application$Companion.run(Lorg/openrndr/Program;Lorg/openrndr/Configuration;)V+98
j  org.openrndr.ApplicationKt.application(Lorg/openrndr/Program;Lorg/openrndr/Configuration;)V+17
j  org.openrndr.ApplicationBuilderKt.application(Lkotlin/jvm/functions/Function1;)V+54
j  TemplateLiveProgramKt.main()V+6
j  TemplateLiveProgramKt.main([Ljava/lang/String;)V+0
v  ~StubRoutines::call_stub

---------------  P R O C E S S  ---------------

Java Threads: ( => current thread )
  0x00007fb73e8b9000 JavaThread "JavaCPP Deallocator" daemon [_thread_blocked, id=71683, stack(0x0000700004563000,0x0000700004663000)]
  0x00007fb732fff000 JavaThread "Thread-4" daemon [_thread_blocked, id=37635, stack(0x0000700004254000,0x0000700004354000)]
  0x00007fb7317ff800 JavaThread "Thread-3" daemon [_thread_blocked, id=38147, stack(0x0000700004151000,0x0000700004251000)]
  0x00007fb7321f8800 JavaThread "DefaultDispatcher-worker-2" daemon [_thread_blocked, id=38659, stack(0x000070000404e000,0x000070000414e000)]
  0x00007fb737979000 JavaThread "DefaultDispatcher-worker-1" daemon [_thread_blocked, id=24835, stack(0x0000700003f4b000,0x000070000404b000)]
  0x00007fb731852800 JavaThread "Service Thread" daemon [_thread_blocked, id=23811, stack(0x0000700003d45000,0x0000700003e45000)]
  0x00007fb737a5a000 JavaThread "C1 CompilerThread11" daemon [_thread_blocked, id=39171, stack(0x0000700003c42000,0x0000700003d42000)]
  0x00007fb732287000 JavaThread "C1 CompilerThread10" daemon [_thread_blocked, id=39683, stack(0x0000700003b3f000,0x0000700003c3f000)]
  0x00007fb731030800 JavaThread "C1 CompilerThread9" daemon [_thread_blocked, id=40195, stack(0x0000700003a3c000,0x0000700003b3c000)]
  0x00007fb73400e800 JavaThread "C1 CompilerThread8" daemon [_thread_blocked, id=40707, stack(0x0000700003939000,0x0000700003a39000)]
  0x00007fb732286800 JavaThread "C2 CompilerThread7" daemon [_thread_blocked, id=41219, stack(0x0000700003836000,0x0000700003936000)]
  0x00007fb731030000 JavaThread "C2 CompilerThread6" daemon [_thread_blocked, id=41475, stack(0x0000700003733000,0x0000700003833000)]
  0x00007fb737a59000 JavaThread "C2 CompilerThread5" daemon [_thread_blocked, id=41987, stack(0x0000700003630000,0x0000700003730000)]
  0x00007fb73184f800 JavaThread "C2 CompilerThread4" daemon [_thread_blocked, id=22787, stack(0x000070000352d000,0x000070000362d000)]
  0x00007fb731846800 JavaThread "C2 CompilerThread3" daemon [_thread_blocked, id=22531, stack(0x000070000342a000,0x000070000352a000)]
  0x00007fb738008800 JavaThread "C2 CompilerThread2" daemon [_thread_blocked, id=42499, stack(0x0000700003327000,0x0000700003427000)]
  0x00007fb732275800 JavaThread "C2 CompilerThread1" daemon [_thread_blocked, id=42755, stack(0x0000700003224000,0x0000700003324000)]
  0x00007fb732274800 JavaThread "C2 CompilerThread0" daemon [_thread_blocked, id=43267, stack(0x0000700003121000,0x0000700003221000)]
  0x00007fb732272000 JavaThread "Monitor Ctrl-Break" daemon [_thread_in_native, id=15363, stack(0x000070000301e000,0x000070000311e000)]
  0x00007fb737808800 JavaThread "Signal Dispatcher" daemon [_thread_blocked, id=15107, stack(0x0000700002f1b000,0x000070000301b000)]
  0x00007fb73281d800 JavaThread "Finalizer" daemon [_thread_blocked, id=18179, stack(0x0000700002d12000,0x0000700002e12000)]
  0x00007fb73281a800 JavaThread "Reference Handler" daemon [_thread_blocked, id=18435, stack(0x0000700002c0f000,0x0000700002d0f000)]
=>0x00007fb733809000 JavaThread "main" [_thread_in_native, id=259, stack(0x00007ffeec588000,0x00007ffeecd88000)]

Other Threads:
  0x00007fb73182f800 VMThread [stack: 0x0000700002b0c000,0x0000700002c0c000] [id=13059]
  0x00007fb734011000 WatcherThread [stack: 0x0000700003e48000,0x0000700003f48000] [id=24323]

VM state:not at safepoint (normal execution)

VM Mutex/Monitor currently owned by a thread: None

heap address: 0x00000006c0000000, size: 4096 MB, Compressed Oops mode: Zero based, Oop shift amount: 3
Narrow klass base: 0x0000000000000000, Narrow klass shift: 3
Compressed class space size: 1073741824 Address: 0x00000007c0000000

Heap:
 PSYoungGen      total 329728K, used 232475K [0x000000076ab00000, 0x0000000783800000, 0x00000007c0000000)
  eden space 295936K, 78% used [0x000000076ab00000,0x0000000778e06c00,0x000000077cc00000)
  from space 33792K, 0% used [0x000000077f100000,0x000000077f100000,0x0000000781200000)
  to   space 37888K, 0% used [0x000000077cc00000,0x000000077cc00000,0x000000077f100000)
 ParOldGen       total 246784K, used 52943K [0x00000006c0000000, 0x00000006cf100000, 0x000000076ab00000)
  object space 246784K, 21% used [0x00000006c0000000,0x00000006c33b3c20,0x00000006cf100000)
 Metaspace       used 68761K, capacity 69771K, committed 70320K, reserved 1112064K
  class space    used 8280K, capacity 8545K, committed 8624K, reserved 1048576K

Card table byte_map: [0x0000000103d3a000,0x000000010453b000] byte_map_base: 0x000000010073a000

Marking Bits: (ParMarkBitMap*) 0x00000001035ee408
 Begin Bits: [0x0000000121800000, 0x0000000125800000)
 End Bits:   [0x0000000125800000, 0x0000000129800000)

Polling page: 0x0000000103906000

CodeCache: size=245760Kb used=21606Kb max_used=21618Kb free=224153Kb
 bounds [0x0000000112800000, 0x0000000113d40000, 0x0000000121800000]
 total_blobs=6534 nmethods=5296 adapters=1148
 compilation: enabled

Compilation events (10 events):
Event: 7.727 Thread 0x00007fb731030800 5721       1       java.net.JarURLConnection::getEntryName (5 bytes)
Event: 7.727 Thread 0x00007fb731030800 nmethod 5721 0x0000000112e04a10 code [0x0000000112e04b60, 0x0000000112e04c70]
Event: 7.728 Thread 0x00007fb731030000 5722       4       java.net.URI$Parser::scan (73 bytes)
Event: 7.728 Thread 0x00007fb732287000 5723       3       java.lang.Throwable::<init> (34 bytes)
Event: 7.728 Thread 0x00007fb732287000 nmethod 5723 0x0000000112e06890 code [0x0000000112e06a00, 0x0000000112e06d08]
Event: 7.729 Thread 0x00007fb73184f800 5724       4       sun.reflect.ClassFileAssembler::emitShort (24 bytes)
Event: 7.730 Thread 0x00007fb738008800 5725       4       java.util.AbstractList$Itr::<init> (6 bytes)
Event: 7.730 Thread 0x00007fb731030000 nmethod 5722 0x0000000112e060d0 code [0x0000000112e06240, 0x0000000112e064e8]
Event: 7.730 Thread 0x00007fb738008800 nmethod 5725 0x0000000112f017d0 code [0x0000000112f01920, 0x0000000112f019b8]
Event: 7.731 Thread 0x00007fb73184f800 nmethod 5724 0x0000000112e058d0 code [0x0000000112e05a60, 0x0000000112e05cf8]

GC Heap History (10 events):
Event: 3.040 GC heap before
{Heap before GC invocations=9 (full 2):
 PSYoungGen      total 162816K, used 12730K [0x000000076ab00000, 0x000000077cc00000, 0x00000007c0000000)
  eden space 144384K, 0% used [0x000000076ab00000,0x000000076ab00000,0x0000000773800000)
  from space 18432K, 69% used [0x0000000773800000,0x000000077446eac8,0x0000000774a00000)
  to   space 18944K, 0% used [0x000000077b980000,0x000000077b980000,0x000000077cc00000)
 ParOldGen       total 105984K, used 16590K [0x00000006c0000000, 0x00000006c6780000, 0x000000076ab00000)
  object space 105984K, 15% used [0x00000006c0000000,0x00000006c1033b50,0x00000006c6780000)
 Metaspace       used 34749K, capacity 35286K, committed 35496K, reserved 1081344K
  class space    used 4157K, capacity 4343K, committed 4400K, reserved 1048576K
Event: 3.103 GC heap after
Heap after GC invocations=9 (full 2):
 PSYoungGen      total 162816K, used 0K [0x000000076ab00000, 0x000000077cc00000, 0x00000007c0000000)
  eden space 144384K, 0% used [0x000000076ab00000,0x000000076ab00000,0x0000000773800000)
  from space 18432K, 0% used [0x0000000773800000,0x0000000773800000,0x0000000774a00000)
  to   space 18944K, 0% used [0x000000077b980000,0x000000077b980000,0x000000077cc00000)
 ParOldGen       total 160256K, used 18690K [0x00000006c0000000, 0x00000006c9c80000, 0x000000076ab00000)
  object space 160256K, 11% used [0x00000006c0000000,0x00000006c1240a30,0x00000006c9c80000)
 Metaspace       used 34749K, capacity 35286K, committed 35496K, reserved 1081344K
  class space    used 4157K, capacity 4343K, committed 4400K, reserved 1048576K
}
Event: 3.656 GC heap before
{Heap before GC invocations=10 (full 2):
 PSYoungGen      total 162816K, used 144384K [0x000000076ab00000, 0x000000077cc00000, 0x00000007c0000000)
  eden space 144384K, 100% used [0x000000076ab00000,0x0000000773800000,0x0000000773800000)
  from space 18432K, 0% used [0x0000000773800000,0x0000000773800000,0x0000000774a00000)
  to   space 18944K, 0% used [0x000000077b980000,0x000000077b980000,0x000000077cc00000)
 ParOldGen       total 160256K, used 18690K [0x00000006c0000000, 0x00000006c9c80000, 0x000000076ab00000)
  object space 160256K, 11% used [0x00000006c0000000,0x00000006c1240a30,0x00000006c9c80000)
 Metaspace       used 39824K, capacity 40448K, committed 40752K, reserved 1085440K
  class space    used 5192K, capacity 5388K, committed 5424K, reserved 1048576K
Event: 3.665 GC heap after
Heap after GC invocations=10 (full 2):
 PSYoungGen      total 244736K, used 18935K [0x000000076ab00000, 0x000000077cc00000, 0x00000007c0000000)
  eden space 225792K, 0% used [0x000000076ab00000,0x000000076ab00000,0x0000000778780000)
  from space 18944K, 99% used [0x000000077b980000,0x000000077cbfdc88,0x000000077cc00000)
  to   space 22528K, 0% used [0x000000077a000000,0x000000077a000000,0x000000077b600000)
 ParOldGen       total 160256K, used 20142K [0x00000006c0000000, 0x00000006c9c80000, 0x000000076ab00000)
  object space 160256K, 12% used [0x00000006c0000000,0x00000006c13ab870,0x00000006c9c80000)
 Metaspace       used 39824K, capacity 40448K, committed 40752K, reserved 1085440K
  class space    used 5192K, capacity 5388K, committed 5424K, reserved 1048576K
}
Event: 5.668 GC heap before
{Heap before GC invocations=11 (full 2):
 PSYoungGen      total 244736K, used 244727K [0x000000076ab00000, 0x000000077cc00000, 0x00000007c0000000)
  eden space 225792K, 100% used [0x000000076ab00000,0x0000000778780000,0x0000000778780000)
  from space 18944K, 99% used [0x000000077b980000,0x000000077cbfdc88,0x000000077cc00000)
  to   space 22528K, 0% used [0x000000077a000000,0x000000077a000000,0x000000077b600000)
 ParOldGen       total 160256K, used 20142K [0x00000006c0000000, 0x00000006c9c80000, 0x000000076ab00000)
  object space 160256K, 12% used [0x00000006c0000000,0x00000006c13ab870,0x00000006c9c80000)
 Metaspace       used 51540K, capacity 52344K, committed 52784K, reserved 1095680K
  class space    used 6434K, capacity 6640K, committed 6704K, reserved 1048576K
Event: 5.715 GC heap after
Heap after GC invocations=11 (full 2):
 PSYoungGen      total 273408K, used 22517K [0x000000076ab00000, 0x0000000781200000, 0x00000007c0000000)
  eden space 250880K, 0% used [0x000000076ab00000,0x000000076ab00000,0x000000077a000000)
  from space 22528K, 99% used [0x000000077a000000,0x000000077b5fd7e8,0x000000077b600000)
  to   space 33792K, 0% used [0x000000077f100000,0x000000077f100000,0x0000000781200000)
 ParOldGen       total 160256K, used 39641K [0x00000006c0000000, 0x00000006c9c80000, 0x000000076ab00000)
  object space 160256K, 24% used [0x00000006c0000000,0x00000006c26b6590,0x00000006c9c80000)
 Metaspace       used 51540K, capacity 52344K, committed 52784K, reserved 1095680K
  class space    used 6434K, capacity 6640K, committed 6704K, reserved 1048576K
}
Event: 6.501 GC heap before
{Heap before GC invocations=12 (full 2):
 PSYoungGen      total 273408K, used 161726K [0x000000076ab00000, 0x0000000781200000, 0x00000007c0000000)
  eden space 250880K, 55% used [0x000000076ab00000,0x00000007732f20c8,0x000000077a000000)
  from space 22528K, 99% used [0x000000077a000000,0x000000077b5fd7e8,0x000000077b600000)
  to   space 33792K, 0% used [0x000000077f100000,0x000000077f100000,0x0000000781200000)
 ParOldGen       total 160256K, used 39641K [0x00000006c0000000, 0x00000006c9c80000, 0x000000076ab00000)
  object space 160256K, 24% used [0x00000006c0000000,0x00000006c26b6590,0x00000006c9c80000)
 Metaspace       used 57997K, capacity 58779K, committed 59160K, reserved 1101824K
  class space    used 7085K, capacity 7310K, committed 7344K, reserved 1048576K
Event: 6.519 GC heap after
Heap after GC invocations=12 (full 2):
 PSYoungGen      total 329728K, used 30446K [0x000000076ab00000, 0x0000000783800000, 0x00000007c0000000)
  eden space 295936K, 0% used [0x000000076ab00000,0x000000076ab00000,0x000000077cc00000)
  from space 33792K, 90% used [0x000000077f100000,0x0000000780ebb980,0x0000000781200000)
  to   space 37888K, 0% used [0x000000077cc00000,0x000000077cc00000,0x000000077f100000)
 ParOldGen       total 160256K, used 39649K [0x00000006c0000000, 0x00000006c9c80000, 0x000000076ab00000)
  object space 160256K, 24% used [0x00000006c0000000,0x00000006c26b8590,0x00000006c9c80000)
 Metaspace       used 57997K, capacity 58779K, committed 59160K, reserved 1101824K
  class space    used 7085K, capacity 7310K, committed 7344K, reserved 1048576K
}
Event: 6.519 GC heap before
{Heap before GC invocations=13 (full 3):
 PSYoungGen      total 329728K, used 30446K [0x000000076ab00000, 0x0000000783800000, 0x00000007c0000000)
  eden space 295936K, 0% used [0x000000076ab00000,0x000000076ab00000,0x000000077cc00000)
  from space 33792K, 90% used [0x000000077f100000,0x0000000780ebb980,0x0000000781200000)
  to   space 37888K, 0% used [0x000000077cc00000,0x000000077cc00000,0x000000077f100000)
 ParOldGen       total 160256K, used 39649K [0x00000006c0000000, 0x00000006c9c80000, 0x000000076ab00000)
  object space 160256K, 24% used [0x00000006c0000000,0x00000006c26b8590,0x00000006c9c80000)
 Metaspace       used 57997K, capacity 58779K, committed 59160K, reserved 1101824K
  class space    used 7085K, capacity 7310K, committed 7344K, reserved 1048576K
Event: 6.712 GC heap after
Heap after GC invocations=13 (full 3):
 PSYoungGen      total 329728K, used 0K [0x000000076ab00000, 0x0000000783800000, 0x00000007c0000000)
  eden space 295936K, 0% used [0x000000076ab00000,0x000000076ab00000,0x000000077cc00000)
  from space 33792K, 0% used [0x000000077f100000,0x000000077f100000,0x0000000781200000)
  to   space 37888K, 0% used [0x000000077cc00000,0x000000077cc00000,0x000000077f100000)
 ParOldGen       total 246784K, used 52943K [0x00000006c0000000, 0x00000006cf100000, 0x000000076ab00000)
  object space 246784K, 21% used [0x00000006c0000000,0x00000006c33b3c20,0x00000006cf100000)
 Metaspace       used 57997K, capacity 58779K, committed 59160K, reserved 1101824K
  class space    used 7085K, capacity 7310K, committed 7344K, reserved 1048576K
}

Deoptimization events (10 events):
Event: 7.393 Thread 0x00007fb737979000 Uncommon trap: reason=unstable_if action=reinterpret pc=0x0000000113b0ec2c method=org.jetbrains.kotlin.metadata.ProtoBuf$ValueParameter.isInitialized()Z @ 7
Event: 7.393 Thread 0x00007fb737979000 Uncommon trap: reason=unstable_if action=reinterpret pc=0x00000001139dff44 method=org.jetbrains.kotlin.protobuf.SmallSortedMap.entrySet()Ljava/util/Set; @ 4
Event: 7.393 Thread 0x00007fb737979000 Uncommon trap: reason=unstable_if action=reinterpret pc=0x0000000113caaa38 method=org.jetbrains.kotlin.protobuf.SmallSortedMap.entrySet()Ljava/util/Set; @ 4
Event: 7.399 Thread 0x00007fb737979000 Uncommon trap: reason=unstable_if action=reinterpret pc=0x0000000113a53554 method=org.jetbrains.kotlin.metadata.ProtoBuf$Type.isInitialized()Z @ 7
Event: 7.411 Thread 0x00007fb737979000 Uncommon trap: reason=unstable_if action=reinterpret pc=0x0000000113abfe50 method=org.jetbrains.kotlin.metadata.ProtoBuf$ValueParameter.isInitialized()Z @ 7
Event: 7.414 Thread 0x00007fb737979000 Uncommon trap: reason=unstable_if action=reinterpret pc=0x0000000113b4bc70 method=org.jetbrains.kotlin.protobuf.SmallSortedMap.entrySet()Ljava/util/Set; @ 4
Event: 7.423 Thread 0x00007fb737979000 Uncommon trap: reason=bimorphic action=maybe_recompile pc=0x00000001137efc50 method=org.jetbrains.kotlin.protobuf.CodedOutputStream.refreshBuffer()V @ 28
Event: 7.445 Thread 0x00007fb737979000 Uncommon trap: reason=unstable_if action=reinterpret pc=0x0000000112e78b58 method=java.lang.ClassLoader.getClassLoadingLock(Ljava/lang/String;)Ljava/lang/Object; @ 6
Event: 7.445 Thread 0x00007fb737979000 Uncommon trap: reason=unstable_if action=reinterpret pc=0x000000011368063c method=java.lang.ClassLoader.preDefineClass(Ljava/lang/String;Ljava/security/ProtectionDomain;)Ljava/security/ProtectionDomain; @ 86
Event: 7.445 Thread 0x00007fb737979000 Uncommon trap: reason=unstable_if action=reinterpret pc=0x00000001138a9530 method=java.lang.ClassLoader.defineClassSourceLocation(Ljava/security/ProtectionDomain;)Ljava/lang/String; @ 15

Classes redefined (0 events):
No events

Internal exceptions (10 events):
Event: 5.141 Thread 0x00007fb737979000 Exception <a 'java/lang/NoSuchMethodError': java.lang.Object.lambda$static$0(I)[Lorg/jetbrains/kotlin/psi/KtExpression;> (0x00000007749c5c68) thrown at [/corretto/workspace/corretto8-repo/installers/mac/tar/corretto-build/buildRoot/src/hotspot/src/share/v
Event: 5.864 Thread 0x00007fb737979000 Exception <a 'java/lang/NoSuchMethodError': java.lang.Object.lambda$static$0(I)[Lorg/jetbrains/kotlin/psi/KtTypeElement;> (0x000000076c092c78) thrown at [/corretto/workspace/corretto8-repo/installers/mac/tar/corretto-build/buildRoot/src/hotspot/src/share/
Event: 6.040 Thread 0x00007fb733809000 Exception <a 'sun/nio/fs/UnixException'> (0x000000076e46a138) thrown at [/corretto/workspace/corretto8-repo/installers/mac/tar/corretto-build/buildRoot/src/hotspot/src/share/vm/prims/jni.cpp, line 711]
Event: 6.040 Thread 0x00007fb733809000 Exception <a 'sun/nio/fs/UnixException'> (0x000000076e46ae18) thrown at [/corretto/workspace/corretto8-repo/installers/mac/tar/corretto-build/buildRoot/src/hotspot/src/share/vm/prims/jni.cpp, line 711]
Event: 6.041 Thread 0x00007fb733809000 Exception <a 'sun/nio/fs/UnixException'> (0x000000076e46f848) thrown at [/corretto/workspace/corretto8-repo/installers/mac/tar/corretto-build/buildRoot/src/hotspot/src/share/vm/prims/jni.cpp, line 711]
Event: 6.045 Thread 0x00007fb733809000 Exception <a 'sun/nio/fs/UnixException'> (0x000000076e472ad0) thrown at [/corretto/workspace/corretto8-repo/installers/mac/tar/corretto-build/buildRoot/src/hotspot/src/share/vm/prims/jni.cpp, line 711]
Event: 7.261 Thread 0x00007fb737979000 Exception <a 'java/lang/NoSuchMethodError': java.lang.Object.lambda$static$0(I)[Lorg/jetbrains/kotlin/com/intellij/psi/PsiClass;> (0x0000000776e73740) thrown at [/corretto/workspace/corretto8-repo/installers/mac/tar/corretto-build/buildRoot/src/hotspot/sr
Event: 7.317 Thread 0x00007fb737979000 Exception <a 'java/lang/NoSuchMethodError': java.lang.Object.lambda$static$0(Lorg/jetbrains/kotlin/descriptors/ValueParameterDescriptor;Lorg/jetbrains/kotlin/codegen/ExpressionCodegen;)Lorg/jetbrains/kotlin/codegen/StackValue;> (0x0000000777726b08) thrown
Event: 7.445 Thread 0x00007fb737979000 Implicit null exception at 0x000000011367fefd to 0x000000011368062d
Event: 7.445 Thread 0x00007fb737979000 Implicit null exception at 0x00000001138a93fe to 0x00000001138a9521

Events (10 events):
Event: 7.725 loading class org/openrndr/ffmpeg/AVFile$3
Event: 7.725 loading class org/openrndr/ffmpeg/AVFile$3 done
Event: 7.726 loading class org/openrndr/ffmpeg/DecoderKt
Event: 7.726 loading class org/openrndr/ffmpeg/DecoderKt done
Event: 7.726 loading class org/openrndr/ffmpeg/DecoderKt$logger$1
Event: 7.726 loading class org/openrndr/ffmpeg/DecoderKt$logger$1 done
Event: 7.728 Thread 0x00007fb733809000 DEOPT PACKING pc=0x0000000112dcb691 sp=0x00007ffeecd7f2f0
Event: 7.728 Thread 0x00007fb733809000 DEOPT UNPACKING pc=0x00000001128474c4 sp=0x00007ffeecd7f060 mode 0
Event: 7.730 loading class java/util/AbstractList$1
Event: 7.730 loading class java/util/AbstractList$1 done


Dynamic libraries:
0x00007fff35074000 	/System/Library/Frameworks/Cocoa.framework/Versions/A/Cocoa
0x00007fff223be000 	/System/Library/Frameworks/Security.framework/Versions/A/Security
0x00007fff3327c000 	/System/Library/Frameworks/ApplicationServices.framework/Versions/A/ApplicationServices
0x00007fff2a640000 	/usr/lib/libz.1.dylib
0x00007fff2a708000 	/usr/lib/libSystem.B.dylib
0x00007fff205a7000 	/System/Library/Frameworks/CoreFoundation.framework/Versions/A/CoreFoundation
0x00007fff21356000 	/System/Library/Frameworks/Foundation.framework/Versions/C/Foundation
0x00007fff203c7000 	/usr/lib/libobjc.A.dylib
0x00007fff22def000 	/System/Library/Frameworks/AppKit.framework/Versions/C/AppKit
0x00007fff25cb3000 	/System/Library/Frameworks/CoreData.framework/Versions/A/CoreData
0x00007fff23b3b000 	/System/Library/PrivateFrameworks/UIFoundation.framework/Versions/A/UIFoundation
0x00007fff2fd36000 	/System/Library/PrivateFrameworks/RemoteViewServices.framework/Versions/A/RemoteViewServices
0x00007fff28b4c000 	/System/Library/PrivateFrameworks/XCTTargetBootstrap.framework/Versions/A/XCTTargetBootstrap
0x00007fff2b832000 	/usr/lib/libspindump.dylib
0x00007fff23d8a000 	/System/Library/Frameworks/UniformTypeIdentifiers.framework/Versions/A/UniformTypeIdentifiers
0x00007fff27350000 	/usr/lib/libapp_launch_measurement.dylib
0x00007fff27353000 	/System/Library/PrivateFrameworks/CoreAutoLayout.framework/Versions/A/CoreAutoLayout
0x00007fff284b3000 	/System/Library/Frameworks/Metal.framework/Versions/A/Metal
0x00007fff291a9000 	/usr/lib/liblangid.dylib
0x00007fff28b50000 	/System/Library/PrivateFrameworks/CoreSVG.framework/Versions/A/CoreSVG
0x00007fff24dca000 	/System/Library/PrivateFrameworks/SkyLight.framework/Versions/A/SkyLight
0x00007fff25130000 	/System/Library/Frameworks/CoreGraphics.framework/Versions/A/CoreGraphics
0x00007fff3025d000 	/System/Library/Frameworks/Accelerate.framework/Versions/A/Accelerate
0x00007fff2b270000 	/System/Library/PrivateFrameworks/IconServices.framework/Versions/A/IconServices
0x00007fff28497000 	/System/Library/Frameworks/IOSurface.framework/Versions/A/IOSurface
0x00007fff2663b000 	/usr/lib/libDiagnosticMessagesClient.dylib
0x00007fff28b38000 	/System/Library/PrivateFrameworks/DFRFoundation.framework/Versions/A/DFRFoundation
0x00007fff22716000 	/usr/lib/libicucore.A.dylib
0x00007fff2cd75000 	/System/Library/Frameworks/AudioToolbox.framework/Versions/A/AudioToolbox
0x00007fff2bffd000 	/System/Library/PrivateFrameworks/DataDetectorsCore.framework/Versions/A/DataDetectorsCore
0x00007fff24d3d000 	/usr/lib/libMobileGestalt.dylib
0x00007fff2883c000 	/System/Library/Frameworks/Carbon.framework/Versions/A/Frameworks/HIToolbox.framework/Versions/A/HIToolbox
0x00007fff26d95000 	/System/Library/Frameworks/QuartzCore.framework/Versions/A/QuartzCore
0x00007fff2fd6e000 	/System/Library/Frameworks/Carbon.framework/Versions/A/Frameworks/SpeechRecognition.framework/Versions/A/SpeechRecognition
0x00007fff270b5000 	/System/Library/PrivateFrameworks/CoreUI.framework/Versions/A/CoreUI
0x00007fff21d2c000 	/System/Library/Frameworks/CoreAudio.framework/Versions/A/CoreAudio
0x00007fff26726000 	/System/Library/Frameworks/DiskArbitration.framework/Versions/A/DiskArbitration
0x00007fff2bc00000 	/System/Library/PrivateFrameworks/MultitouchSupport.framework/Versions/A/MultitouchSupport
0x00007fff2bff4000 	/System/Library/PrivateFrameworks/InternationalSupport.framework/Versions/A/InternationalSupport
0x00007fff24d3c000 	/usr/lib/libenergytrace.dylib
0x00007fff22ce6000 	/System/Library/Frameworks/IOKit.framework/Versions/A/IOKit
0x00007fff300a1000 	/System/Library/Frameworks/CoreServices.framework/Versions/A/CoreServices
0x00007fff272e2000 	/System/Library/PrivateFrameworks/PerformanceAnalysis.framework/Versions/A/PerformanceAnalysis
0x00007fff6bc0e000 	/System/Library/Frameworks/OpenGL.framework/Versions/A/OpenGL
0x00007fff2c078000 	/System/Library/PrivateFrameworks/UserActivity.framework/Versions/A/UserActivity
0x00007fff257ba000 	/System/Library/Frameworks/ColorSync.framework/Versions/A/ColorSync
0x00007fff28db7000 	/System/Library/Frameworks/CoreImage.framework/Versions/A/CoreImage
0x00007fff21b46000 	/System/Library/Frameworks/CoreText.framework/Versions/A/CoreText
0x00007fff28b7a000 	/System/Library/Frameworks/ImageIO.framework/Versions/A/ImageIO
0x00007fff2a70e000 	/System/Library/PrivateFrameworks/SoftLinking.framework/Versions/A/SoftLinking
0x00007fff2739b000 	/usr/lib/libxml2.2.dylib
0x00007fff2048d000 	/usr/lib/libc++.1.dylib
0x00007fff2a97f000 	/usr/lib/libcompression.dylib
0x00007fff2bf26000 	/System/Library/PrivateFrameworks/TextureIO.framework/Versions/A/TextureIO
0x00007fff2afae000 	/usr/lib/libate.dylib
0x00007fff2a702000 	/usr/lib/system/libcache.dylib
0x00007fff2a6be000 	/usr/lib/system/libcommonCrypto.dylib
0x00007fff2a6e8000 	/usr/lib/system/libcompiler_rt.dylib
0x00007fff2a6dd000 	/usr/lib/system/libcopyfile.dylib
0x00007fff202b7000 	/usr/lib/system/libcorecrypto.dylib
0x00007fff20382000 	/usr/lib/system/libdispatch.dylib
0x00007fff20535000 	/usr/lib/system/libdyld.dylib
0x00007fff2a6f9000 	/usr/lib/system/libkeymgr.dylib
0x00007fff2db0c000 	/usr/lib/system/liblaunch.dylib
0x00007fff2a69c000 	/usr/lib/system/libmacho.dylib
0x00007fff29e94000 	/usr/lib/system/libquarantine.dylib
0x00007fff2a6f6000 	/usr/lib/system/libremovefile.dylib
0x00007fff24d9a000 	/usr/lib/system/libsystem_asl.dylib
0x00007fff20267000 	/usr/lib/system/libsystem_blocks.dylib
0x00007fff20404000 	/usr/lib/system/libsystem_c.dylib
0x00007fff2a6f0000 	/usr/lib/system/libsystem_collections.dylib
0x00007fff2919a000 	/usr/lib/system/libsystem_configuration.dylib
0x00007fff28486000 	/usr/lib/system/libsystem_containermanager.dylib
0x00007fff2a43f000 	/usr/lib/system/libsystem_coreservices.dylib
0x00007fff22976000 	/usr/lib/system/libsystem_darwin.dylib
0x00007fff2a6fa000 	/usr/lib/system/libsystem_dnssd.dylib
0x00007fff20401000 	/usr/lib/system/libsystem_featureflags.dylib
0x00007fff2057b000 	/usr/lib/system/libsystem_info.dylib
0x00007fff2a653000 	/usr/lib/system/libsystem_m.dylib
0x00007fff20355000 	/usr/lib/system/libsystem_malloc.dylib
0x00007fff24d2d000 	/usr/lib/system/libsystem_networkextension.dylib
0x00007fff22d95000 	/usr/lib/system/libsystem_notify.dylib
0x00007fff2ffa3000 	/usr/lib/system/libsystem_product_info_filter.dylib
0x00007fff2919e000 	/usr/lib/system/libsystem_sandbox.dylib
0x00007fff2a6f3000 	/usr/lib/system/libsystem_secinit.dylib
0x00007fff204f9000 	/usr/lib/system/libsystem_kernel.dylib
0x00007fff20571000 	/usr/lib/system/libsystem_platform.dylib
0x00007fff20529000 	/usr/lib/system/libsystem_pthread.dylib
0x00007fff26477000 	/usr/lib/system/libsystem_symptoms.dylib
0x00007fff2029f000 	/usr/lib/system/libsystem_trace.dylib
0x00007fff2a6ca000 	/usr/lib/system/libunwind.dylib
0x00007fff20269000 	/usr/lib/system/libxpc.dylib
0x00007fff204e3000 	/usr/lib/libc++abi.dylib
0x00007fff2a6d5000 	/usr/lib/liboah.dylib
0x00007fff2ad93000 	/usr/lib/liblzma.5.dylib
0x00007fff2106a000 	/System/Library/Frameworks/SystemConfiguration.framework/Versions/A/SystemConfiguration
0x00007fff2a70a000 	/usr/lib/libfakelink.dylib
0x00007fff2488e000 	/System/Library/Frameworks/CFNetwork.framework/Versions/A/CFNetwork
0x00007fff2a84a000 	/usr/lib/libarchive.2.dylib
0x00007fff210e8000 	/usr/lib/libCRFSuite.dylib
0x00007fff29ebb000 	/usr/lib/libbsm.0.dylib
0x00007fff24207000 	/usr/lib/libnetwork.dylib
0x00007fff2a70f000 	/usr/lib/libpcap.A.dylib
0x00007fff26470000 	/usr/lib/libdns_services.dylib
0x00007fff2adac000 	/usr/lib/libcoretls_cfhelpers.dylib
0x00007fff2a949000 	/usr/lib/libapple_nghttp2.dylib
0x00007fff2a6a2000 	/usr/lib/system/libkxld.dylib
0x00007fff260e9000 	/usr/lib/libsqlite3.dylib
0x00007fff2a422000 	/System/Library/PrivateFrameworks/AppleFSCompression.framework/Versions/A/AppleFSCompression
0x00007fff29ea3000 	/usr/lib/libcoretls.dylib
0x00007fff2a97a000 	/usr/lib/libpam.2.dylib
0x00007fff2aeaa000 	/usr/lib/libxar.1.dylib
0x00007fff291a5000 	/System/Library/PrivateFrameworks/AppleSystemInfo.framework/Versions/A/AppleSystemInfo
0x00007fff29ae5000 	/System/Library/PrivateFrameworks/IOMobileFramebuffer.framework/Versions/A/IOMobileFramebuffer
0x00007fff2a432000 	/usr/lib/libbz2.1.0.dylib
0x00007fff2a747000 	/usr/lib/libiconv.2.dylib
0x00007fff2a69b000 	/usr/lib/libcharset.1.dylib
0x00007fff2731e000 	/System/Library/Frameworks/CoreServices.framework/Versions/A/Frameworks/FSEvents.framework/Versions/A/FSEvents
0x00007fff22980000 	/System/Library/Frameworks/CoreServices.framework/Versions/A/Frameworks/CarbonCore.framework/Versions/A/CarbonCore
0x00007fff2668b000 	/System/Library/Frameworks/CoreServices.framework/Versions/A/Frameworks/Metadata.framework/Versions/A/Metadata
0x00007fff2a444000 	/System/Library/Frameworks/CoreServices.framework/Versions/A/Frameworks/OSServices.framework/Versions/A/OSServices
0x00007fff2a8bc000 	/System/Library/Frameworks/CoreServices.framework/Versions/A/Frameworks/SearchKit.framework/Versions/A/SearchKit
0x00007fff263fb000 	/System/Library/Frameworks/CoreServices.framework/Versions/A/Frameworks/AE.framework/Versions/A/AE
0x00007fff20a45000 	/System/Library/Frameworks/CoreServices.framework/Versions/A/Frameworks/LaunchServices.framework/Versions/A/LaunchServices
0x00007fff2ad43000 	/System/Library/Frameworks/CoreServices.framework/Versions/A/Frameworks/DictionaryServices.framework/Versions/A/DictionaryServices
0x00007fff2732b000 	/System/Library/Frameworks/CoreServices.framework/Versions/A/Frameworks/SharedFileList.framework/Versions/A/SharedFileList
0x00007fff29e97000 	/usr/lib/libCheckFix.dylib
0x00007fff24db1000 	/System/Library/PrivateFrameworks/TCC.framework/Versions/A/TCC
0x00007fff291ab000 	/System/Library/PrivateFrameworks/CoreNLP.framework/Versions/A/CoreNLP
0x00007fff2663e000 	/System/Library/PrivateFrameworks/MetadataUtilities.framework/Versions/A/MetadataUtilities
0x00007fff2111d000 	/usr/lib/libmecabra.dylib
0x00007fff2a1a1000 	/System/Library/Frameworks/MLCompute.framework/Versions/A/MLCompute
0x00007fff29ecc000 	/usr/lib/libmecab.dylib
0x00007fff29f16000 	/usr/lib/libgermantok.dylib
0x00007fff2a924000 	/usr/lib/libThaiTokenizer.dylib
0x00007fff2aee5000 	/usr/lib/libChineseTokenizer.dylib
0x00007fff2a978000 	/System/Library/Frameworks/MetalPerformanceShaders.framework/Versions/A/MetalPerformanceShaders
0x00007fff2672d000 	/System/Library/Frameworks/Accelerate.framework/Versions/A/Frameworks/vImage.framework/Versions/A/vImage
0x00007fff3007b000 	/System/Library/Frameworks/Accelerate.framework/Versions/A/Frameworks/vecLib.framework/Versions/A/vecLib
0x00007fff2aef0000 	/System/Library/Frameworks/Accelerate.framework/Versions/A/Frameworks/vecLib.framework/Versions/A/libvMisc.dylib
0x00007fff29900000 	/System/Library/Frameworks/Accelerate.framework/Versions/A/Frameworks/vecLib.framework/Versions/A/libvDSP.dylib
0x00007fff20d50000 	/System/Library/Frameworks/Accelerate.framework/Versions/A/Frameworks/vecLib.framework/Versions/A/libBLAS.dylib
0x00007fff2a9a5000 	/System/Library/Frameworks/Accelerate.framework/Versions/A/Frameworks/vecLib.framework/Versions/A/libLAPACK.dylib
0x00007fff29f1c000 	/System/Library/Frameworks/Accelerate.framework/Versions/A/Frameworks/vecLib.framework/Versions/A/libLinearAlgebra.dylib
0x00007fff2a961000 	/System/Library/Frameworks/Accelerate.framework/Versions/A/Frameworks/vecLib.framework/Versions/A/libSparseBLAS.dylib
0x00007fff2a99f000 	/System/Library/Frameworks/Accelerate.framework/Versions/A/Frameworks/vecLib.framework/Versions/A/libQuadrature.dylib
0x00007fff29257000 	/System/Library/Frameworks/Accelerate.framework/Versions/A/Frameworks/vecLib.framework/Versions/A/libBNNS.dylib
0x00007fff20ffb000 	/System/Library/Frameworks/Accelerate.framework/Versions/A/Frameworks/vecLib.framework/Versions/A/libSparse.dylib
0x00007fff29133000 	/System/Library/Frameworks/MetalPerformanceShaders.framework/Versions/A/Frameworks/MPSCore.framework/Versions/A/MPSCore
0x00007fff2a391000 	/System/Library/Frameworks/MetalPerformanceShaders.framework/Versions/A/Frameworks/MPSImage.framework/Versions/A/MPSImage
0x00007fff29f32000 	/System/Library/Frameworks/MetalPerformanceShaders.framework/Versions/A/Frameworks/MPSNeuralNetwork.framework/Versions/A/MPSNeuralNetwork
0x00007fff2a303000 	/System/Library/Frameworks/MetalPerformanceShaders.framework/Versions/A/Frameworks/MPSMatrix.framework/Versions/A/MPSMatrix
0x00007fff2a151000 	/System/Library/Frameworks/MetalPerformanceShaders.framework/Versions/A/Frameworks/MPSRayIntersector.framework/Versions/A/MPSRayIntersector
0x00007fff2a33a000 	/System/Library/Frameworks/MetalPerformanceShaders.framework/Versions/A/Frameworks/MPSNDArray.framework/Versions/A/MPSNDArray
0x00007fff20c7b000 	/System/Library/PrivateFrameworks/MetalTools.framework/Versions/A/MetalTools
0x00007fff291a3000 	/System/Library/PrivateFrameworks/AggregateDictionary.framework/Versions/A/AggregateDictionary
0x00007fff2660b000 	/System/Library/PrivateFrameworks/CoreAnalytics.framework/Versions/A/CoreAnalytics
0x00007fff2a926000 	/System/Library/PrivateFrameworks/AppleSauce.framework/Versions/A/AppleSauce
0x00007fff284a9000 	/System/Library/PrivateFrameworks/IOAccelerator.framework/Versions/A/IOAccelerator
0x00007fff6bc02000 	/System/Library/Frameworks/OpenGL.framework/Versions/A/Libraries/libCoreFSCache.dylib
0x00007fff216b5000 	/System/Library/PrivateFrameworks/LanguageModeling.framework/Versions/A/LanguageModeling
0x00007fff29ad3000 	/System/Library/PrivateFrameworks/CoreEmoji.framework/Versions/A/CoreEmoji
0x00007fff29250000 	/System/Library/PrivateFrameworks/LinguisticData.framework/Versions/A/LinguisticData
0x00007fff20fad000 	/System/Library/PrivateFrameworks/Lexicon.framework/Versions/A/Lexicon
0x00007fff2a838000 	/usr/lib/libcmph.dylib
0x00007fff272fe000 	/System/Library/Frameworks/OpenDirectory.framework/Versions/A/Frameworks/CFOpenDirectory.framework/Versions/A/CFOpenDirectory
0x00007fff272ee000 	/System/Library/Frameworks/OpenDirectory.framework/Versions/A/OpenDirectory
0x00007fff2adae000 	/System/Library/PrivateFrameworks/APFS.framework/Versions/A/APFS
0x00007fff29df9000 	/System/Library/Frameworks/SecurityFoundation.framework/Versions/A/SecurityFoundation
0x00007fff2aeb8000 	/usr/lib/libutil.dylib
0x00007fff22cab000 	/System/Library/PrivateFrameworks/CoreServicesStore.framework/Versions/A/CoreServicesStore
0x00007fff29e8f000 	/System/Library/Frameworks/ServiceManagement.framework/Versions/A/ServiceManagement
0x00007fff2aebc000 	/usr/lib/libxslt.1.dylib
0x00007fff29e85000 	/System/Library/PrivateFrameworks/BackgroundTaskManagement.framework/Versions/A/BackgroundTaskManagement
0x00007fff2be70000 	/System/Library/Frameworks/ImageIO.framework/Versions/A/Resources/libRadiance.dylib
0x00007fff2be7a000 	/System/Library/Frameworks/ImageIO.framework/Versions/A/Resources/libJPEG.dylib
0x00007fff2bdca000 	/System/Library/Frameworks/ImageIO.framework/Versions/A/Resources/libPng.dylib
0x00007fff2bdeb000 	/System/Library/Frameworks/ImageIO.framework/Versions/A/Resources/libTIFF.dylib
0x00007fff2becf000 	/System/Library/Frameworks/ImageIO.framework/Versions/A/Resources/libGIF.dylib
0x00007fff2bb1c000 	/System/Library/Frameworks/ImageIO.framework/Versions/A/Resources/libJP2.dylib
0x00007fff2b237000 	/usr/lib/libexpat.1.dylib
0x00007fff2bad2000 	/System/Library/PrivateFrameworks/AppleJPEG.framework/Versions/A/AppleJPEG
0x00007fff286df000 	/System/Library/PrivateFrameworks/FontServices.framework/libFontParser.dylib
0x00007fff263b2000 	/System/Library/PrivateFrameworks/RunningBoardServices.framework/Versions/A/RunningBoardServices
0x00007fff2bbfc000 	/System/Library/PrivateFrameworks/WatchdogClient.framework/Versions/A/WatchdogClient
0x00007fff2179e000 	/System/Library/Frameworks/CoreDisplay.framework/Versions/A/CoreDisplay
0x00007fff285f4000 	/System/Library/Frameworks/CoreMedia.framework/Versions/A/CoreMedia
0x00007fff2747e000 	/System/Library/Frameworks/CoreVideo.framework/Versions/A/CoreVideo
0x00007fff2bc37000 	/System/Library/Frameworks/VideoToolbox.framework/Versions/A/VideoToolbox
0x00007fff26332000 	/System/Library/PrivateFrameworks/BaseBoard.framework/Versions/A/BaseBoard
0x00007fff2b37c000 	/System/Library/PrivateFrameworks/PersistentConnection.framework/Versions/A/PersistentConnection
0x00007fff260d3000 	/System/Library/PrivateFrameworks/ProtocolBuffer.framework/Versions/A/ProtocolBuffer
0x00007fff2631a000 	/System/Library/PrivateFrameworks/CommonUtilities.framework/Versions/A/CommonUtilities
0x00007fff2ba95000 	/System/Library/PrivateFrameworks/Bom.framework/Versions/A/Bom
0x00007fff2be68000 	/System/Library/PrivateFrameworks/GPUWrangler.framework/Versions/A/GPUWrangler
0x00007fff2be4b000 	/System/Library/PrivateFrameworks/IOPresentment.framework/Versions/A/IOPresentment
0x00007fff2be74000 	/System/Library/PrivateFrameworks/DSExternalDisplay.framework/Versions/A/DSExternalDisplay
0x00007fff2bed4000 	/System/Library/PrivateFrameworks/CMCaptureCore.framework/Versions/A/CMCaptureCore
0x00007fff2b818000 	/System/Library/PrivateFrameworks/AppServerSupport.framework/Versions/A/AppServerSupport
0x00007fff2d8af000 	/System/Library/PrivateFrameworks/perfdata.framework/Versions/A/perfdata
0x00007fff29de8000 	/System/Library/PrivateFrameworks/AssertionServices.framework/Versions/A/AssertionServices
0x00007fff218d5000 	/System/Library/PrivateFrameworks/AudioToolboxCore.framework/Versions/A/AudioToolboxCore
0x00007fff285d7000 	/System/Library/PrivateFrameworks/caulk.framework/Versions/A/caulk
0x00007fff3cd5b000 	/System/Library/PrivateFrameworks/SystemPolicy.framework/Versions/A/SystemPolicy
0x00007fff2b046000 	/usr/lib/libIOReport.dylib
0x00007fff2d0eb000 	/usr/lib/libSMC.dylib
0x00007fff2bd96000 	/usr/lib/libAudioToolboxUtility.dylib
0x00007fff3d6b8000 	/usr/lib/libmis.dylib
0x00007fff6bc5e000 	/System/Library/Frameworks/OpenGL.framework/Versions/A/Libraries/libGLU.dylib
0x00007fff6bc21000 	/System/Library/Frameworks/OpenGL.framework/Versions/A/Libraries/libGFXShared.dylib
0x00007fff6be2f000 	/System/Library/Frameworks/OpenGL.framework/Versions/A/Libraries/libGL.dylib
0x00007fff6bc2a000 	/System/Library/Frameworks/OpenGL.framework/Versions/A/Libraries/libGLImage.dylib
0x00007fff6bc1e000 	/System/Library/Frameworks/OpenGL.framework/Versions/A/Libraries/libCVMSPluginSupport.dylib
0x00007fff6bc09000 	/System/Library/Frameworks/OpenGL.framework/Versions/A/Libraries/libCoreVMClient.dylib
0x00007fff6d279000 	/System/Library/Frameworks/OpenCL.framework/Versions/A/OpenCL
0x00007fff2b3a5000 	/System/Library/PrivateFrameworks/GraphVisualizer.framework/Versions/A/GraphVisualizer
0x00007fff2b3b4000 	/System/Library/PrivateFrameworks/FaceCore.framework/Versions/A/FaceCore
0x00007fff2b7d0000 	/System/Library/PrivateFrameworks/OTSVG.framework/Versions/A/OTSVG
0x00007fff27073000 	/System/Library/Frameworks/ApplicationServices.framework/Versions/A/Frameworks/ATS.framework/Versions/A/Resources/libFontRegistry.dylib
0x00007fff2b81f000 	/System/Library/PrivateFrameworks/FontServices.framework/libhvf.dylib
0x00007fff2b1e3000 	/System/Library/PrivateFrameworks/AppleVA.framework/Versions/A/AppleVA
0x00007fff2cf33000 	/System/Library/Frameworks/ApplicationServices.framework/Versions/A/Frameworks/ATS.framework/Versions/A/ATS
0x00007fff2d246000 	/System/Library/Frameworks/ApplicationServices.framework/Versions/A/Frameworks/ColorSyncLegacy.framework/Versions/A/ColorSyncLegacy
0x00007fff258b1000 	/System/Library/Frameworks/ApplicationServices.framework/Versions/A/Frameworks/HIServices.framework/Versions/A/HIServices
0x00007fff2d22b000 	/System/Library/Frameworks/ApplicationServices.framework/Versions/A/Frameworks/LangAnalysis.framework/Versions/A/LangAnalysis
0x00007fff2bede000 	/System/Library/Frameworks/ApplicationServices.framework/Versions/A/Frameworks/PrintCore.framework/Versions/A/PrintCore
0x00007fff2d24e000 	/System/Library/Frameworks/ApplicationServices.framework/Versions/A/Frameworks/QD.framework/Versions/A/QD
0x00007fff2cf23000 	/System/Library/Frameworks/ApplicationServices.framework/Versions/A/Frameworks/SpeechSynthesis.framework/Versions/A/SpeechSynthesis
0x00007fff2be9f000 	/System/Library/Frameworks/ApplicationServices.framework/Versions/A/Frameworks/ATSUI.framework/Versions/A/ATSUI
0x00007fff2d1cb000 	/usr/lib/libcups.2.dylib
0x00007fff2d23b000 	/System/Library/PrivateFrameworks/NetAuth.framework/Versions/A/NetAuth
0x00007fff2d8ca000 	/System/Library/Frameworks/Kerberos.framework/Versions/A/Kerberos
0x00007fff2d8da000 	/System/Library/Frameworks/GSS.framework/Versions/A/GSS
0x00007fff2cfa0000 	/usr/lib/libresolv.9.dylib
0x00007fff2b835000 	/System/Library/PrivateFrameworks/Heimdal.framework/Versions/A/Heimdal
0x00007fff33591000 	/System/Library/Frameworks/Kerberos.framework/Versions/A/Libraries/libHeimdalProxy.dylib
0x00007fff2647f000 	/System/Library/Frameworks/Network.framework/Versions/A/Network
0x00007fff2b251000 	/usr/lib/libheimdal-asn1.dylib
0x00007fff2d92b000 	/System/Library/PrivateFrameworks/CommonAuth.framework/Versions/A/CommonAuth
0x00007fff274cc000 	/System/Library/PrivateFrameworks/login.framework/Versions/A/Frameworks/loginsupport.framework/Versions/A/loginsupport
0x00007fff2ceaa000 	/System/Library/PrivateFrameworks/AudioSession.framework/Versions/A/AudioSession
0x00007fff2cf10000 	/usr/lib/libAudioStatistics.dylib
0x00007fff2b2dd000 	/System/Library/PrivateFrameworks/MediaExperience.framework/Versions/A/MediaExperience
0x00007fff2cd43000 	/System/Library/PrivateFrameworks/AudioSession.framework/libSessionUtility.dylib
0x00007fff2d8bb000 	/usr/lib/libperfcheck.dylib
0x00007fff2d25a000 	/System/Library/PrivateFrameworks/AudioResourceArbitration.framework/Versions/A/AudioResourceArbitration
0x00007fff2b25b000 	/System/Library/PrivateFrameworks/IconFoundation.framework/Versions/A/IconFoundation
0x00007fff2fd5e000 	/System/Library/PrivateFrameworks/SpeechRecognitionCore.framework/Versions/A/SpeechRecognitionCore
0x0000000102eb0000 	/Users/frank.claes/.sdkman/candidates/java/8.0.262-amzn/jre/lib/server/libjvm.dylib
0x00000001038be000 	/Users/frank.claes/.sdkman/candidates/java/8.0.262-amzn/jre/lib/libverify.dylib
0x00000001038d0000 	/Users/frank.claes/.sdkman/candidates/java/8.0.262-amzn/jre/lib/libjava.dylib
0x0000000103907000 	/Users/frank.claes/.sdkman/candidates/java/8.0.262-amzn/jre/lib/libinstrument.dylib
0x000000010396d000 	/Users/frank.claes/.sdkman/candidates/java/8.0.262-amzn/jre/lib/libzip.dylib
0x000000010825b000 	/Users/frank.claes/.sdkman/candidates/java/8.0.262-amzn/jre/lib/libnio.dylib
0x000000010826e000 	/Users/frank.claes/.sdkman/candidates/java/8.0.262-amzn/jre/lib/libnet.dylib
0x0000000108289000 	/Users/frank.claes/.sdkman/candidates/java/8.0.262-amzn/jre/lib/libmanagement.dylib
0x00000001090b1000 	/private/var/folders/l_/1g6jdlkj0yq1xbb3dkdhfn080000gn/T/lwjglfrank.claes/3.2.3-build-13/liblwjgl.dylib
0x00000001092d9000 	/private/var/folders/l_/1g6jdlkj0yq1xbb3dkdhfn080000gn/T/lwjglfrank.claes/3.2.3-build-13/libjemalloc.dylib
0x0000000109545000 	/private/var/folders/l_/1g6jdlkj0yq1xbb3dkdhfn080000gn/T/lwjglfrank.claes/3.2.3-build-13/libglfw.dylib
0x00007fff22c6c000 	/System/Library/PrivateFrameworks/CoreServicesInternal.framework/Versions/A/CoreServicesInternal
0x00007fff310e5000 	/System/Library/Frameworks/FileProvider.framework/Versions/A/FileProvider
0x00007fff2629d000 	/System/Library/Frameworks/Accounts.framework/Versions/A/Accounts
0x00007fff31235000 	/System/Library/PrivateFrameworks/GenerationalStorage.framework/Versions/A/GenerationalStorage
0x00007fff31bcf000 	/System/Library/PrivateFrameworks/CoreSymbolication.framework/Versions/A/CoreSymbolication
0x00007fff30b05000 	/System/Library/PrivateFrameworks/SymptomDiagnosticReporter.framework/Versions/A/SymptomDiagnosticReporter
0x00007fff23d9d000 	/System/Library/PrivateFrameworks/DesktopServicesPriv.framework/Versions/A/DesktopServicesPriv
0x00007fff22da1000 	/usr/lib/libsandbox.1.dylib
0x00007fff274f7000 	/System/Library/PrivateFrameworks/UserManagement.framework/Versions/A/UserManagement
0x00007fff29dc5000 	/System/Library/PrivateFrameworks/MobileKeyBag.framework/Versions/A/MobileKeyBag
0x00007fff34614000 	/System/Library/PrivateFrameworks/ChunkingLibrary.framework/Versions/A/ChunkingLibrary
0x00007fff31b93000 	/System/Library/PrivateFrameworks/DebugSymbols.framework/Versions/A/DebugSymbols
0x00007fff2e2ee000 	/System/Library/PrivateFrameworks/Sharing.framework/Versions/A/Sharing
0x00007fff32b93000 	/System/Library/PrivateFrameworks/Apple80211.framework/Versions/A/Apple80211
0x00007fff2a472000 	/System/Library/PrivateFrameworks/AuthKit.framework/Versions/A/AuthKit
0x00007fff29bc3000 	/System/Library/PrivateFrameworks/CoreUtils.framework/Versions/A/CoreUtils
0x00007fff29af0000 	/System/Library/Frameworks/CoreWLAN.framework/Versions/A/CoreWLAN
0x00007fff2e43a000 	/System/Library/Frameworks/IOBluetooth.framework/Versions/A/IOBluetooth
0x00007fff32bf7000 	/System/Library/PrivateFrameworks/CoreWiFi.framework/Versions/A/CoreWiFi
0x00007fff2d9b1000 	/System/Library/PrivateFrameworks/CorePhoneNumbers.framework/Versions/A/CorePhoneNumbers
0x00007fff30c0c000 	/System/Library/PrivateFrameworks/DiskManagement.framework/Versions/A/DiskManagement
0x00007fff30b22000 	/System/Library/PrivateFrameworks/AppleIDAuthSupport.framework/Versions/A/AppleIDAuthSupport
0x00007fff2d991000 	/System/Library/PrivateFrameworks/KeychainCircle.framework/Versions/A/KeychainCircle
0x00007fff30bd8000 	/System/Library/PrivateFrameworks/MediaKit.framework/Versions/A/MediaKit
0x00007fff30b2f000 	/System/Library/Frameworks/DiscRecording.framework/Versions/A/DiscRecording
0x00007fff2b157000 	/usr/lib/libCoreStorage.dylib
0x00007fff33032000 	/usr/lib/libcsfde.dylib
0x00007fff2e575000 	/System/Library/PrivateFrameworks/ProtectedCloudStorage.framework/Versions/A/ProtectedCloudStorage
0x00007fff3302a000 	/System/Library/PrivateFrameworks/EFILogin.framework/Versions/A/EFILogin
0x00007fff33644000 	/System/Library/Frameworks/AudioUnit.framework/Versions/A/AudioUnit
0x00007fff30a9f000 	/System/Library/Frameworks/CoreBluetooth.framework/Versions/A/CoreBluetooth
0x00007fff2b14f000 	/usr/lib/libMatch.1.dylib
0x0000000109eca000 	/usr/lib/libobjc-trampolines.dylib
0x00007fff271f6000 	/System/Library/PrivateFrameworks/ViewBridge.framework/Versions/A/ViewBridge
0x00007fff4137f000 	/System/Library/Frameworks/Accelerate.framework/Versions/A/Frameworks/vImage.framework/Versions/A/Libraries/libCGInterfaces.dylib
0x00007fff2b8f6000 	/System/Library/PrivateFrameworks/login.framework/Versions/A/login
0x00007fff6be3a000 	/System/Library/Frameworks/OpenGL.framework/Versions/A/Resources/GLEngine.bundle/GLEngine
0x00007fff6bc9b000 	/System/Library/Frameworks/OpenGL.framework/Versions/A/Libraries/libGLProgrammability.dylib
0x00007fff5f01e000 	/System/Library/Extensions/AppleIntelKBLGraphicsGLDriver.bundle/Contents/MacOS/AppleIntelKBLGraphicsGLDriver
0x00007fff46472000 	/System/Library/PrivateFrameworks/GPUSupport.framework/Versions/A/Libraries/libGPUSupportMercury.dylib
0x000000012caf7000 	/System/Library/Extensions/AMDRadeonX4000GLDriver.bundle/Contents/MacOS/AMDRadeonX4000GLDriver
0x00007fff6e17b000 	/System/Library/Extensions/AMDRadeonX4000GLDriver.bundle/Contents/MacOS/ATIRadeonX4000SCLib.dylib
0x00007fff5e286000 	/System/Library/Extensions/AMDShared.bundle/Contents/PlugIns/libSC.dylib
0x00007fff6bfb8000 	/System/Library/Frameworks/OpenGL.framework/Versions/A/Resources/GLRendererFloat.bundle/GLRendererFloat
0x000000012f954000 	/private/var/folders/l_/1g6jdlkj0yq1xbb3dkdhfn080000gn/T/lwjglfrank.claes/3.2.3-build-13/liblwjgl_opengl.dylib
0x000000013c68b000 	/Users/frank.claes/.javacpp/cache/javacpp-1.5.5-macosx-x86_64.jar/org/bytedeco/javacpp/macosx-x86_64/libjnijavacpp.dylib
0x000000013c69b000 	/Users/frank.claes/.javacpp/cache/ffmpeg-4.3.2-1.5.5-macosx-x86_64.jar/org/bytedeco/ffmpeg/macosx-x86_64/libavutil.56.dylib
0x000000013c925000 	/Users/frank.claes/.javacpp/cache/ffmpeg-4.3.2-1.5.5-macosx-x86_64.jar/org/bytedeco/ffmpeg/macosx-x86_64/libjniavutil.dylib
0x000000013cc31000 	/Users/frank.claes/.javacpp/cache/ffmpeg-4.3.2-1.5.5-macosx-x86_64.jar/org/bytedeco/ffmpeg/macosx-x86_64/libswresample.3.dylib
0x000000013cc53000 	/Users/frank.claes/.javacpp/cache/ffmpeg-4.3.2-1.5.5-macosx-x86_64.jar/org/bytedeco/ffmpeg/macosx-x86_64/libjniswresample.dylib
0x000000013cc6b000 	/Users/frank.claes/.javacpp/cache/ffmpeg-4.3.2-1.5.5-macosx-x86_64.jar/org/bytedeco/ffmpeg/macosx-x86_64/libavcodec.58.dylib
0x000000013e6c4000 	/Users/frank.claes/.javacpp/cache/ffmpeg-4.3.2-1.5.5-macosx-x86_64.jar/org/bytedeco/ffmpeg/macosx-x86_64/libjniavcodec.dylib
0x000000013e7a4000 	/Users/frank.claes/.javacpp/cache/ffmpeg-4.3.2-1.5.5-macosx-x86_64.jar/org/bytedeco/ffmpeg/macosx-x86_64/libavformat.58.dylib
0x000000013ee25000 	/Users/frank.claes/.javacpp/cache/ffmpeg-4.3.2-1.5.5-macosx-x86_64.jar/org/bytedeco/ffmpeg/macosx-x86_64/libjniavformat.dylib
0x000000013eedd000 	/Users/frank.claes/.javacpp/cache/ffmpeg-4.3.2-1.5.5-macosx-x86_64.jar/org/bytedeco/ffmpeg/macosx-x86_64/libswscale.5.dylib
0x000000013efb7000 	/Users/frank.claes/.javacpp/cache/ffmpeg-4.3.2-1.5.5-macosx-x86_64.jar/org/bytedeco/ffmpeg/macosx-x86_64/libjniswscale.dylib
0x000000013efd3000 	/Users/frank.claes/.javacpp/cache/ffmpeg-4.3.2-1.5.5-macosx-x86_64.jar/org/bytedeco/ffmpeg/macosx-x86_64/libavfilter.7.dylib
0x000000013f371000 	/Users/frank.claes/.javacpp/cache/ffmpeg-4.3.2-1.5.5-macosx-x86_64.jar/org/bytedeco/ffmpeg/macosx-x86_64/libjniavfilter.dylib
0x000000013f3b5000 	/Users/frank.claes/.javacpp/cache/ffmpeg-4.3.2-1.5.5-macosx-x86_64.jar/org/bytedeco/ffmpeg/macosx-x86_64/libavdevice.58.dylib
0x00007fff3cba1000 	/System/Library/Frameworks/AVFoundation.framework/Versions/A/AVFoundation
0x00007fff6e383000 	/System/Library/Frameworks/AVFAudio.framework/Versions/A/AVFAudio
0x00007fff316c0000 	/System/Library/PrivateFrameworks/AVFCore.framework/Versions/A/AVFCore
0x00007fff377a4000 	/System/Library/PrivateFrameworks/AVFCapture.framework/Versions/A/AVFCapture
0x00007fff3bdf5000 	/System/Library/PrivateFrameworks/AirPlaySync.framework/Versions/A/AirPlaySync
0x00007fff2c0d6000 	/System/Library/Frameworks/MediaToolbox.framework/Versions/A/MediaToolbox
0x00007fff2d086000 	/System/Library/Frameworks/CoreMediaIO.framework/Versions/A/CoreMediaIO
0x00007fff310b7000 	/System/Library/PrivateFrameworks/CoreAVCHD.framework/Versions/A/CoreAVCHD
0x00007fff3029e000 	/System/Library/Frameworks/MediaAccessibility.framework/Versions/A/MediaAccessibility
0x00007fff310b3000 	/System/Library/PrivateFrameworks/Mangrove.framework/Versions/A/Mangrove
0x00007fff302aa000 	/System/Library/PrivateFrameworks/AlgosScoreFramework.framework/Versions/A/AlgosScoreFramework
0x00007fff31aa1000 	/System/Library/PrivateFrameworks/AppleVPA.framework/Versions/A/AppleVPA
0x00007fff30cf8000 	/System/Library/PrivateFrameworks/CoreAUC.framework/Versions/A/CoreAUC
0x00007fff378b7000 	/System/Library/PrivateFrameworks/Quagga.framework/Versions/A/Quagga
0x00007fff3794b000 	/System/Library/PrivateFrameworks/CMCapture.framework/Versions/A/CMCapture
0x00007fff33757000 	/System/Library/PrivateFrameworks/Espresso.framework/Versions/A/Espresso
0x00007fff34ed8000 	/System/Library/PrivateFrameworks/AppleNeuralEngine.framework/Versions/A/AppleNeuralEngine
0x00007fff33f59000 	/System/Library/PrivateFrameworks/ANEServices.framework/Versions/A/ANEServices
0x00007fff6f9ec000 	/System/Library/PrivateFrameworks/CMImaging.framework/Versions/A/CMImaging
0x00007fff32d49000 	/System/Library/PrivateFrameworks/BackBoardServices.framework/Versions/A/BackBoardServices
0x00007fff31855000 	/System/Library/PrivateFrameworks/FrontBoardServices.framework/Versions/A/FrontBoardServices
0x00007fff318c5000 	/System/Library/PrivateFrameworks/BoardServices.framework/Versions/A/BoardServices
0x000000013f5ca000 	/Users/frank.claes/.javacpp/cache/ffmpeg-4.3.2-1.5.5-macosx-x86_64.jar/org/bytedeco/ffmpeg/macosx-x86_64/libjniavdevice.dylib
0x000000013f5e6000 	/Library/CoreMediaIO/Plug-Ins/DAL/XpressionPlugin.plugin/Contents/MacOS/XpressionPlugin
0x000000013f6f4000 	/Library/CoreMediaIO/Plug-Ins/DAL/XpressionPlugin.plugin/Contents/Frameworks/SwiftyUserDefaults.framework/Versions/A/SwiftyUserDefaults
0x000000013f748000 	/Library/CoreMediaIO/Plug-Ins/DAL/XpressionPlugin.plugin/Contents/Frameworks/Shared.framework/Versions/A/Shared
0x000000013f756000 	/Library/CoreMediaIO/Plug-Ins/DAL/XpressionPlugin.plugin/Contents/Frameworks/Mimicry.framework/Versions/A/Mimicry
0x00007fff2e62f000 	/System/Library/Frameworks/MetalKit.framework/Versions/A/MetalKit
0x00007fff2c8dc000 	/usr/lib/swift/libswiftCore.dylib
0x00007fff3d6d8000 	/usr/lib/swift/libswiftCoreFoundation.dylib
0x00007fff3c05f000 	/usr/lib/swift/libswiftCoreGraphics.dylib
0x00007fff4e30e000 	/usr/lib/swift/libswiftCoreMedia.dylib
0x00007fff3c06a000 	/usr/lib/swift/libswiftDarwin.dylib
0x00007fff316aa000 	/usr/lib/swift/libswiftDispatch.dylib
0x00007fff305ec000 	/usr/lib/swift/libswiftFoundation.dylib
0x00007fff2e733000 	/System/Library/Frameworks/Combine.framework/Versions/A/Combine
0x00007fff3d6e6000 	/usr/lib/swift/libswiftIOKit.dylib
0x00007fff336cb000 	/usr/lib/swift/libswiftObjectiveC.dylib
0x00007fff3d6e4000 	/usr/lib/swift/libswiftXPC.dylib
0x00007fff27727000 	/System/Library/Frameworks/CoreML.framework/Versions/A/CoreML
0x00007fff30313000 	/System/Library/Frameworks/Vision.framework/Versions/A/Vision
0x00007fff3fc92000 	/usr/lib/swift/libswiftsimd.dylib
0x00007fff336ac000 	/System/Library/PrivateFrameworks/DuetActivityScheduler.framework/Versions/A/DuetActivityScheduler
0x00007fff27513000 	/System/Library/Frameworks/CloudKit.framework/Versions/A/CloudKit
0x00007fff23f3b000 	/System/Library/PrivateFrameworks/CoreDuet.framework/Versions/A/CoreDuet
0x00007fff325d9000 	/System/Library/PrivateFrameworks/CoreDuetContext.framework/Versions/A/CoreDuetContext
0x00007fff2b04e000 	/System/Library/PrivateFrameworks/CrashReporterSupport.framework/Versions/A/CrashReporterSupport
0x00007fff30b0f000 	/System/Library/PrivateFrameworks/PowerLog.framework/Versions/A/PowerLog
0x00007fff315cd000 	/System/Library/Frameworks/CoreTelephony.framework/Versions/A/CoreTelephony
0x00007fff34085000 	/System/Library/PrivateFrameworks/CoreDuetDebugLogging.framework/Versions/A/CoreDuetDebugLogging
0x00007fff274cf000 	/System/Library/PrivateFrameworks/ApplePushService.framework/Versions/A/ApplePushService
0x00007fff32626000 	/System/Library/Frameworks/Intents.framework/Versions/A/Intents
0x00007fff34088000 	/System/Library/PrivateFrameworks/CoreDuetDaemonProtocol.framework/Versions/A/CoreDuetDaemonProtocol
0x00007fff31c8f000 	/System/Library/PrivateFrameworks/Rapport.framework/Versions/A/Rapport
0x00007fff47aa8000 	/System/Library/PrivateFrameworks/OSAnalytics.framework/Versions/A/OSAnalytics
0x00007fff77aad000 	/usr/lib/libRosetta.dylib
0x00007fff32fb9000 	/System/Library/PrivateFrameworks/RemoteServiceDiscovery.framework/Versions/A/RemoteServiceDiscovery
0x00007fff51767000 	/System/Library/PrivateFrameworks/Symbolication.framework/Versions/A/Symbolication
0x00007fff3d698000 	/System/Library/PrivateFrameworks/MallocStackLogging.framework/Versions/A/MallocStackLogging
0x00007fff2d9ba000 	/usr/lib/libTelephonyUtilDynamic.dylib
0x00007fff302cf000 	/System/Library/PrivateFrameworks/CoreDaemon.framework/Versions/B/CoreDaemon
0x00007fff302ca000 	/System/Library/PrivateFrameworks/AppleSRP.framework/Versions/A/AppleSRP
0x00007fff336f2000 	/System/Library/PrivateFrameworks/C2.framework/Versions/A/C2
0x00007fff28409000 	/System/Library/Frameworks/CoreLocation.framework/Versions/A/CoreLocation
0x00007fff336ec000 	/System/Library/Frameworks/PushKit.framework/Versions/A/PushKit
0x00007fff31c85000 	/System/Library/PrivateFrameworks/CoreTime.framework/Versions/A/CoreTime
0x00007fff2e82e000 	/System/Library/PrivateFrameworks/GeoServices.framework/Versions/A/GeoServices
0x00007fff2cd1a000 	/System/Library/PrivateFrameworks/LocationSupport.framework/Versions/A/LocationSupport
0x00007fff2b118000 	/System/Library/PrivateFrameworks/PlugInKit.framework/Versions/A/PlugInKit
0x00007fff336df000 	/System/Library/PrivateFrameworks/IntentsFoundation.framework/Versions/A/IntentsFoundation
0x00007fff42a1d000 	/System/Library/Frameworks/Vision.framework/libfaceCore.dylib
0x00007fff43892000 	/System/Library/PrivateFrameworks/Futhark.framework/Versions/A/Futhark
0x00007fff4377e000 	/System/Library/PrivateFrameworks/TextRecognition.framework/Versions/A/TextRecognition
0x00007fff2b079000 	/System/Library/PrivateFrameworks/CVNLP.framework/Versions/A/CVNLP
0x00007fff30943000 	/System/Library/Frameworks/Contacts.framework/Versions/A/Contacts
0x00007fff25a00000 	/System/Library/PrivateFrameworks/Montreal.framework/Versions/A/Montreal
0x00007fff307c9000 	/System/Library/PrivateFrameworks/ContactsPersistence.framework/Versions/A/ContactsPersistence
0x00007fff3080c000 	/System/Library/PrivateFrameworks/AddressBookCore.framework/Versions/A/AddressBookCore
0x00007fff2fd76000 	/System/Library/PrivateFrameworks/AppleLDAP.framework/Versions/A/AppleLDAP
0x00007fff34ce6000 	/System/Library/PrivateFrameworks/CalendarAgentLink.framework/Versions/A/CalendarAgentLink
0x00007fff33280000 	/System/Library/Frameworks/ClassKit.framework/Versions/A/ClassKit
0x00007fff347eb000 	/System/Library/PrivateFrameworks/CoreSuggestions.framework/Versions/A/CoreSuggestions
0x00007fff30745000 	/System/Library/PrivateFrameworks/ContactsFoundation.framework/Versions/A/ContactsFoundation
0x00007fff39368000 	/System/Library/PrivateFrameworks/PhoneNumbers.framework/Versions/A/PhoneNumbers
0x00007fff318ef000 	/System/Library/PrivateFrameworks/vCard.framework/Versions/A/vCard
0x00007fff276a5000 	/System/Library/PrivateFrameworks/CloudDocs.framework/Versions/A/CloudDocs
0x00007fff33726000 	/System/Library/Frameworks/QuickLookThumbnailing.framework/Versions/A/QuickLookThumbnailing
0x00007fff330ad000 	/System/Library/PrivateFrameworks/AppSupport.framework/Versions/A/AppSupport
0x00007fff332f9000 	/System/Library/PrivateFrameworks/AppleAccount.framework/Versions/A/AppleAccount
0x00007fff34328000 	/System/Library/PrivateFrameworks/SpotlightIndex.framework/Versions/A/SpotlightIndex
0x00007fff23f28000 	/System/Library/PrivateFrameworks/SpotlightLinguistics.framework/Versions/A/SpotlightLinguistics
0x00007fff3343e000 	/System/Library/PrivateFrameworks/AppleIDSSOAuthentication.framework/Versions/A/AppleIDSSOAuthentication
0x00007fff33f71000 	/System/Library/PrivateFrameworks/ProactiveSupport.framework/Versions/A/ProactiveSupport
0x00007fff32fe1000 	/System/Library/PrivateFrameworks/DataDetectorsNaturalLanguage.framework/Versions/A/DataDetectorsNaturalLanguage
0x00007fff2a5d1000 	/System/Library/Frameworks/CoreSpotlight.framework/Versions/A/CoreSpotlight
0x00007fff38f25000 	/System/Library/PrivateFrameworks/ProactiveEventTracker.framework/Versions/A/ProactiveEventTracker
0x00007fff3327d000 	/System/Library/PrivateFrameworks/InternationalTextSearch.framework/Versions/A/InternationalTextSearch
0x00007fff34d0c000 	/System/Library/PrivateFrameworks/RTCReporting.framework/Versions/A/RTCReporting
0x00007fff2d93c000 	/System/Library/PrivateFrameworks/MobileAsset.framework/Versions/A/MobileAsset
0x00007fff33668000 	/System/Library/PrivateFrameworks/StreamingZip.framework/Versions/A/StreamingZip
0x00007fff34889000 	/System/Library/Frameworks/EventKit.framework/Versions/A/EventKit
0x00007fff38ee1000 	/System/Library/PrivateFrameworks/ResponseKit.framework/Versions/A/ResponseKit
0x00007fff3479b000 	/System/Library/PrivateFrameworks/CalDAV.framework/Versions/A/CalDAV
0x00007fff34014000 	/System/Library/PrivateFrameworks/CalendarFoundation.framework/Versions/A/CalendarFoundation
0x00007fff34a14000 	/System/Library/PrivateFrameworks/CalendarPersistence.framework/Versions/A/CalendarPersistence
0x00007fff38b22000 	/System/Library/PrivateFrameworks/ExchangeWebServices.framework/Versions/A/ExchangeWebServices
0x00007fff33fe2000 	/System/Library/PrivateFrameworks/iCalendar.framework/Versions/A/iCalendar
0x00007fff38a9b000 	/System/Library/PrivateFrameworks/CoreDAV.framework/Versions/A/CoreDAV
0x00007fff30a78000 	/System/Library/PrivateFrameworks/PersonaKit.framework/Versions/A/PersonaKit
0x00007fff38e9b000 	/System/Library/PrivateFrameworks/ContactsAutocomplete.framework/Versions/A/ContactsAutocomplete
0x00007fff33fd7000 	/System/Library/PrivateFrameworks/CoreRecents.framework/Versions/A/CoreRecents
0x00007fff3169c000 	/System/Library/PrivateFrameworks/AppSandbox.framework/Versions/A/AppSandbox
0x00007fff38ed4000 	/System/Library/PrivateFrameworks/KerberosHelper.framework/Versions/A/KerberosHelper
0x00007fff2e55c000 	/System/Library/PrivateFrameworks/AppContainer.framework/Versions/A/AppContainer
0x00007fff2e571000 	/System/Library/PrivateFrameworks/SecCodeWrapper.framework/Versions/A/SecCodeWrapper
0x00007fff37f31000 	/System/Library/PrivateFrameworks/AccountsDaemon.framework/Versions/A/AccountsDaemon
0x00007fff2e091000 	/System/Library/PrivateFrameworks/IDS.framework/Versions/A/IDS
0x00007fff37fdf000 	/System/Library/PrivateFrameworks/OAuth.framework/Versions/A/OAuth
0x00007fff2ccb3000 	/System/Library/PrivateFrameworks/IMFoundation.framework/Versions/A/IMFoundation
0x00007fff38cb5000 	/System/Library/PrivateFrameworks/Marco.framework/Versions/A/Marco
0x00007fff2e193000 	/System/Library/PrivateFrameworks/IDSFoundation.framework/Versions/A/IDSFoundation
0x00007fff364fc000 	/System/Library/PrivateFrameworks/Engram.framework/Versions/A/Engram
0x00007fff364aa000 	/usr/lib/libtidy.A.dylib
0x00007fff25bc1000 	/System/Library/PrivateFrameworks/NLP.framework/Versions/A/NLP
0x00007fff3d6cf000 	/usr/lib/swift/libswiftCoreAudio.dylib
0x00007fff45d87000 	/usr/lib/swift/libswiftMetal.dylib
0x00007fff2b062000 	/System/Library/PrivateFrameworks/AppSSOCore.framework/Versions/A/AppSSOCore
0x000000013fbe9000 	/Library/CoreMediaIO/Plug-Ins/DAL/obs-mac-virtualcam.plugin/Contents/MacOS/obs-mac-virtualcam
0x000000013fc11000 	/System/Library/Frameworks/CoreMediaIO.framework/Resources/VDC.plugin/Contents/MacOS/VDC
0x00007fff4ec3c000 	/System/Library/PrivateFrameworks/AppleGVA.framework/Versions/A/AppleGVA

VM Arguments:
jvm_args: -javaagent:/Applications/IntelliJ IDEA.app/Contents/lib/idea_rt.jar=51268:/Applications/IntelliJ IDEA.app/Contents/bin -Dfile.encoding=UTF-8 
java_command: TemplateLiveProgramKt
java_class_path (initial): /Users/frank.claes/.sdkman/candidates/java/8.0.262-amzn/jre/lib/charsets.jar:/Users/frank.claes/.sdkman/candidates/java/8.0.262-amzn/jre/lib/ext/cldrdata.jar:/Users/frank.claes/.sdkman/candidates/java/8.0.262-amzn/jre/lib/ext/dnsns.jar:/Users/frank.claes/.sdkman/candidates/java/8.0.262-amzn/jre/lib/ext/jaccess.jar:/Users/frank.claes/.sdkman/candidates/java/8.0.262-amzn/jre/lib/ext/jfxrt.jar:/Users/frank.claes/.sdkman/candidates/java/8.0.262-amzn/jre/lib/ext/localedata.jar:/Users/frank.claes/.sdkman/candidates/java/8.0.262-amzn/jre/lib/ext/nashorn.jar:/Users/frank.claes/.sdkman/candidates/java/8.0.262-amzn/jre/lib/ext/sunec.jar:/Users/frank.claes/.sdkman/candidates/java/8.0.262-amzn/jre/lib/ext/sunjce_provider.jar:/Users/frank.claes/.sdkman/candidates/java/8.0.262-amzn/jre/lib/ext/sunpkcs11.jar:/Users/frank.claes/.sdkman/candidates/java/8.0.262-amzn/jre/lib/ext/zipfs.jar:/Users/frank.claes/.sdkman/candidates/java/8.0.262-amzn/jre/lib/jce.jar:/Users/frank.claes/.sdkman/candidates/java/8.0.262-amzn/jre/lib/jfr.jar:/Users/frank.claes/.sdkman/candidates/java/8.0.262-amzn/jre/lib/jfxswt.jar:/Users/frank.claes/.sdkman/candidates/java/8.0.262-amzn/jre/lib/jsse.jar:/Users/frank.claes/.sdkman/candidates/java/8.0.262-amzn/jre/lib/management-agent.jar:/Users/frank.claes/.sdkman/candidates/java/8.0.262-amzn/jre/lib/resources.jar:/Users/frank.claes/.sdkman/candidates/java/8.0.262-amzn/jre/lib/rt.jar:/Users/frank.claes/.sdkman/candidates/java/8.0.262-amzn/lib/ant-javafx.jar:/Users/frank.claes/.sdkman/candidates/java/8.0.262-amzn/lib/dt.jar:/Users/frank.claes/.sdkman/candidates/java/8.0.262-amzn/lib/javafx-mx.jar:/Users/frank.claes/.sdkman/candidates/java/8.0.262-amzn/lib/jconsole.jar:/Users/frank.claes/.sdkman/candidates/java/8.0.262-amzn/lib/packager.jar:/Users/frank.claes/.sdkman/candidates/java/8.0.262-amzn/lib/sa-jdi.jar:/Users/frank.claes/.sdkman/candidates/java/8.0.262-amzn/lib/tools.jar:/Users/frank.claes/personal/mondriaan/build/classes/kotlin/
Launcher Type: SUN_STANDARD

Environment Variables:
PATH=/usr/bin:/bin:/usr/sbin:/sbin
SHELL=/bin/zsh

Signal Handlers:
SIGSEGV: [libjvm.dylib+0x5be60b], sa_mask[0]=11111111011111110111111111111111, sa_flags=SA_ONSTACK|SA_RESTART|SA_SIGINFO
SIGBUS: [libjvm.dylib+0x5be60b], sa_mask[0]=11111111011111110111111111111111, sa_flags=SA_RESTART|SA_SIGINFO
SIGFPE: [libjvm.dylib+0x4a12c5], sa_mask[0]=11111111011111110111111111111111, sa_flags=SA_RESTART|SA_SIGINFO
SIGPIPE: [libjvm.dylib+0x4a12c5], sa_mask[0]=11111111011111110111111111111111, sa_flags=SA_RESTART|SA_SIGINFO
SIGXFSZ: [libjvm.dylib+0x4a12c5], sa_mask[0]=11111111011111110111111111111111, sa_flags=SA_RESTART|SA_SIGINFO
SIGILL: [libjvm.dylib+0x4a12c5], sa_mask[0]=11111111011111110111111111111111, sa_flags=SA_RESTART|SA_SIGINFO
SIGUSR1: SIG_DFL, sa_mask[0]=00000000000000000000000000000000, sa_flags=none
SIGUSR2: [libjvm.dylib+0x4a1bcd], sa_mask[0]=00100000000000000000000000000000, sa_flags=SA_RESTART|SA_SIGINFO
SIGHUP: [libjvm.dylib+0x49fdd5], sa_mask[0]=11111111011111110111111111111111, sa_flags=SA_RESTART|SA_SIGINFO
SIGINT: [libjvm.dylib+0x49fdd5], sa_mask[0]=11111111011111110111111111111111, sa_flags=SA_RESTART|SA_SIGINFO
SIGTERM: [libjvm.dylib+0x49fdd5], sa_mask[0]=11111111011111110111111111111111, sa_flags=SA_RESTART|SA_SIGINFO
SIGQUIT: [libjvm.dylib+0x49fdd5], sa_mask[0]=11111111011111110111111111111111, sa_flags=SA_RESTART|SA_SIGINFO


---------------  S Y S T E M  ---------------

OS:Bsduname:Darwin 20.6.0 Darwin Kernel Version 20.6.0: Mon Aug 30 06:12:21 PDT 2021; root:xnu-7195.141.6~3/RELEASE_X86_64 x86_64
rlimit: STACK 8192k, CORE 0k, NPROC 2784, NOFILE 10240, AS infinity
load average:3.56 1.90 1.65

CPU:total 16 (initial active 16) (8 cores per cpu, 2 threads per core) family 6 model 158 stepping 13, cmov, cx8, fxsr, mmx, sse, sse2, sse3, ssse3, sse4.1, sse4.2, popcnt, avx, avx2, aes, clmul, erms, 3dnowpref, lzcnt, ht, tsc, tscinvbit, bmi1, bmi2, adx

Memory: 4k page, physical 16777216k(61348k free)

/proc/meminfo:


vm_info: OpenJDK 64-Bit Server VM (25.262-b10) for bsd-amd64 JRE (1.8.0_262-b10), built on Jul 13 2020 12:26:50 by "corretto" with gcc 4.2.1 Compatible Apple LLVM 6.1.0 (clang-602.0.53)

time: Wed Dec 22 11:19:10 2021
timezone: CET
elapsed time: 7 seconds (0d 0h 0m 7s)

